WARNING:absl:No GPU/TPU found, falling back to CPU. (Set TF_CPP_MIN_LOG_LEVEL=0 and rerun for more info.)
WARNING:tensorflow:From /home/joaoguilhermearujo/miniconda3/envs/rain/lib/python3.6/site-packages/tensorflow/python/compat/v2_compat.py:96: disable_resource_variables (from tensorflow.python.ops.variable_scope) is deprecated and will be removed in a future version.
Instructions for updating:
non-resource variables are not supported in the long term
WARNING:tensorflow:From /home/joaoguilhermearujo/miniconda3/envs/rain/lib/python3.6/site-packages/tensorflow/python/compat/v2_compat.py:96: disable_resource_variables (from tensorflow.python.ops.variable_scope) is deprecated and will be removed in a future version.
Instructions for updating:
non-resource variables are not supported in the long term
2021-08-27 16:35:49.088954: I tensorflow/core/platform/cpu_feature_guard.cc:142] This TensorFlow binary is optimized with oneAPI Deep Neural Network Library (oneDNN) to use the following CPU instructions in performance-critical operations:  AVX2 AVX512F FMA
To enable them in other operations, rebuild TensorFlow with the appropriate compiler flags.
2021-08-27 16:35:49.094528: W tensorflow/stream_executor/platform/default/dso_loader.cc:64] Could not load dynamic library 'libcuda.so.1'; dlerror: libcuda.so.1: cannot open shared object file: No such file or directory
2021-08-27 16:35:49.094558: W tensorflow/stream_executor/cuda/cuda_driver.cc:326] failed call to cuInit: UNKNOWN ERROR (303)
2021-08-27 16:35:49.094577: I tensorflow/stream_executor/cuda/cuda_diagnostics.cc:156] kernel driver does not appear to be running on this host (t1v-n-64a765b9-w-0): /proc/driver/nvidia/version does not exist
norm: non_normalization activ: celu
norm: non_normalization activ: celu
norm: non_normalization activ: celu
norm: non_normalization activ: celu
Training agent 1, please be patient, may be a while...
norm: non_normalization activ: celu
norm: non_normalization activ: celu
norm: non_normalization activ: celu
norm: non_normalization activ: celu
2021-08-27 16:35:53.447503: I tensorflow/core/platform/profile_utils/cpu_utils.cc:114] CPU Frequency: 2000144999 Hz
WARNING:absl:_store_transition function doesn't have episode_end arg.
WARNING:absl:_store_transition function doesn't have episode_end arg.
WARNING:absl:_store_transition function doesn't have episode_end arg.
WARNING:absl:_store_transition function doesn't have episode_end arg.
WARNING:absl:_store_transition function doesn't have episode_end arg.
WARNING:absl:_store_transition function doesn't have episode_end arg.
WARNING:absl:_store_transition function doesn't have episode_end arg.
WARNING:absl:_store_transition function doesn't have episode_end arg.
WARNING:absl:_store_transition function doesn't have episode_end arg.
WARNING:absl:_store_transition function doesn't have episode_end arg.
WARNING:absl:_store_transition function doesn't have episode_end arg.
WARNING:absl:_store_transition function doesn't have episode_end arg.
WARNING:absl:_store_transition function doesn't have episode_end arg.
WARNING:absl:_store_transition function doesn't have episode_end arg.
WARNING:absl:_store_transition function doesn't have episode_end arg.
WARNING:absl:_store_transition function doesn't have episode_end arg.
WARNING:absl:_store_transition function doesn't have episode_end arg.
WARNING:absl:_store_transition function doesn't have episode_end arg.
WARNING:absl:_store_transition function doesn't have episode_end arg.
WARNING:absl:_store_transition function doesn't have episode_end arg.
WARNING:absl:_store_transition function doesn't have episode_end arg.
WARNING:absl:_store_transition function doesn't have episode_end arg.
WARNING:absl:_store_transition function doesn't have episode_end arg.
WARNING:absl:_store_transition function doesn't have episode_end arg.
WARNING:absl:_store_transition function doesn't have episode_end arg.
WARNING:absl:_store_transition function doesn't have episode_end arg.
WARNING:absl:_store_transition function doesn't have episode_end arg.
WARNING:absl:_store_transition function doesn't have episode_end arg.
WARNING:absl:_store_transition function doesn't have episode_end arg.
WARNING:absl:_store_transition function doesn't have episode_end arg.
WARNING:absl:_store_transition function doesn't have episode_end arg.
WARNING:absl:_store_transition function doesn't have episode_end arg.
WARNING:absl:_store_transition function doesn't have episode_end arg.
WARNING:absl:_store_transition function doesn't have episode_end arg.
WARNING:absl:_store_transition function doesn't have episode_end arg.
WARNING:absl:_store_transition function doesn't have episode_end arg.
WARNING:absl:_store_transition function doesn't have episode_end arg.
WARNING:absl:_store_transition function doesn't have episode_end arg.
WARNING:absl:_store_transition function doesn't have episode_end arg.
WARNING:absl:_store_transition function doesn't have episode_end arg.
WARNING:absl:_store_transition function doesn't have episode_end arg.
WARNING:absl:_store_transition function doesn't have episode_end arg.
WARNING:absl:_store_transition function doesn't have episode_end arg.
WARNING:absl:_store_transition function doesn't have episode_end arg.
WARNING:absl:_store_transition function doesn't have episode_end arg.
WARNING:absl:_store_transition function doesn't have episode_end arg.
WARNING:absl:_store_transition function doesn't have episode_end arg.
WARNING:absl:_store_transition function doesn't have episode_end arg.
WARNING:absl:_store_transition function doesn't have episode_end arg.
WARNING:absl:_store_transition function doesn't have episode_end arg.
WARNING:absl:_store_transition function doesn't have episode_end arg.
WARNING:absl:_store_transition function doesn't have episode_end arg.
WARNING:absl:_store_transition function doesn't have episode_end arg.
norm: non_normalization activ: celu 9 Return: 9.0.0
norm: non_normalization activ: celu
norm: non_normalization activ: celu
norm: non_normalization activ: celu
norm: non_normalization activ: celu
norm: non_normalization activ: celu
norm: non_normalization activ: celu
norm: non_normalization activ: celu
norm: non_normalization activ: celu
norm: non_normalization activ: celu
norm: non_normalization activ: celu
norm: non_normalization activ: celu
Exception in thread Thread-4:
Traceback (most recent call last):
  File "/home/joaoguilhermearujo/miniconda3/envs/rain/lib/python3.6/threading.py", line 916, in _bootstrap_inner
    self.run()
  File "/home/joaoguilhermearujo/miniconda3/envs/rain/lib/python3.6/threading.py", line 864, in run
    self._target(*self._args, **self._kwargs)
  File "/home/joaoguilhermearujo/miniconda3/envs/rain/lib/python3.6/site-packages/wandb/sdk/wandb_run.py", line 185, in check_network_status
    status_response = self._interface.communicate_network_status()
  File "/home/joaoguilhermearujo/miniconda3/envs/rain/lib/python3.6/site-packages/wandb/sdk/interface/interface.py", line 749, in communicate_network_status
    resp = self._communicate(req, timeout=timeout, local=True)
  File "/home/joaoguilhermearujo/miniconda3/envs/rain/lib/python3.6/site-packages/wandb/sdk/interface/interface.py", line 539, in _communicate
    return self._communicate_async(rec, local=local).get(timeout=timeout)
  File "/home/joaoguilhermearujo/miniconda3/envs/rain/lib/python3.6/site-packages/wandb/sdk/interface/interface.py", line 544, in _communicate_async
    raise Exception("The wandb backend process has shutdown")
Exception: The wandb backend process has shutdown
Traceback (most recent call last):
  File "wandb_example.py", line 52, in <module>
    agent_runner.run_experiment()
  File "/home/joaoguilhermearujo/miniconda3/envs/rain/lib/python3.6/site-packages/dopamine/discrete_domains/run_experiment.py", line 523, in run_experiment
    statistics = self._run_one_iteration(iteration)
  File "/home/joaoguilhermearujo/miniconda3/envs/rain/lib/python3.6/site-packages/dopamine/discrete_domains/run_experiment.py", line 570, in _run_one_iteration
    self._run_train_phase(statistics))
  File "/home/joaoguilhermearujo/miniconda3/envs/rain/lib/python3.6/site-packages/dopamine/discrete_domains/run_experiment.py", line 398, in _run_train_phase
    self._training_steps, statistics, 'train')
  File "/home/joaoguilhermearujo/miniconda3/envs/rain/lib/python3.6/site-packages/dopamine/discrete_domains/run_experiment.py", line 366, in _run_one_phase
    episode_length, episode_return = self._run_one_episode()
  File "/home/joaoguilhermearujo/miniconda3/envs/rain/lib/python3.6/site-packages/dopamine/discrete_domains/run_experiment.py", line 339, in _run_one_episode
    action = self._agent.step(reward, observation)
  File "/home/joaoguilhermearujo/rainbow_extend/revisiting_rainbow/agents/rainbow_agent_new.py", line 272, in step
    self._train_step()
  File "/home/joaoguilhermearujo/rainbow_extend/revisiting_rainbow/agents/rainbow_agent_new.py", line 329, in _train_step
    self._rng)
  File "/home/joaoguilhermearujo/miniconda3/envs/rain/lib/python3.6/site-packages/jax/_src/traceback_util.py", line 183, in reraise_with_filtered_traceback
    return fun(*args, **kwargs)
  File "/home/joaoguilhermearujo/miniconda3/envs/rain/lib/python3.6/site-packages/jax/_src/api.py", line 427, in cache_miss
    donated_invars=donated_invars, inline=inline)
  File "/home/joaoguilhermearujo/miniconda3/envs/rain/lib/python3.6/site-packages/jax/core.py", line 1560, in bind
    return call_bind(self, fun, *args, **params)
  File "/home/joaoguilhermearujo/miniconda3/envs/rain/lib/python3.6/site-packages/jax/core.py", line 1551, in call_bind
    outs = primitive.process(top_trace, fun, tracers, params)
  File "/home/joaoguilhermearujo/miniconda3/envs/rain/lib/python3.6/site-packages/jax/core.py", line 1563, in process
    return trace.process_call(self, fun, tracers, params)
  File "/home/joaoguilhermearujo/miniconda3/envs/rain/lib/python3.6/site-packages/jax/core.py", line 606, in process_call
    return primitive.impl(f, *tracers, **params)
  File "/home/joaoguilhermearujo/miniconda3/envs/rain/lib/python3.6/site-packages/jax/interpreters/xla.py", line 593, in _xla_call_impl
    *unsafe_map(arg_spec, args))
  File "/home/joaoguilhermearujo/miniconda3/envs/rain/lib/python3.6/site-packages/jax/linear_util.py", line 262, in memoized_fun
    ans = call(fun, *args)
  File "/home/joaoguilhermearujo/miniconda3/envs/rain/lib/python3.6/site-packages/jax/interpreters/xla.py", line 743, in _xla_callable
    compiled = backend_compile(backend, built, options)
  File "/home/joaoguilhermearujo/miniconda3/envs/rain/lib/python3.6/site-packages/jax/interpreters/xla.py", line 360, in backend_compile
    return backend.compile(built_c, compile_options=options)
KeyboardInterrupt